Determining if the pthread_create exist failed with the following output:
Change Dir: /home/ralexander/catkin_ws_trr/build/CMakeFiles/CMakeTmp

Run Build Command:"/usr/bin/make" "cmTC_33978/fast"
/usr/bin/make -f CMakeFiles/cmTC_33978.dir/build.make CMakeFiles/cmTC_33978.dir/build
make[1]: Entering directory '/home/ralexander/catkin_ws_trr/build/CMakeFiles/CMakeTmp'
Building C object CMakeFiles/cmTC_33978.dir/CheckSymbolExists.c.o
/usr/bin/cc     -o CMakeFiles/cmTC_33978.dir/CheckSymbolExists.c.o   -c /home/ralexander/catkin_ws_trr/build/CMakeFiles/CMakeTmp/CheckSymbolExists.c
Linking C executable cmTC_33978
/usr/bin/cmake -E cmake_link_script CMakeFiles/cmTC_33978.dir/link.txt --verbose=1
/usr/bin/cc       CMakeFiles/cmTC_33978.dir/CheckSymbolExists.c.o  -o cmTC_33978 -rdynamic 
CMakeFiles/cmTC_33978.dir/CheckSymbolExists.c.o: In function `main':
CheckSymbolExists.c:(.text+0x16): undefined reference to `pthread_create'
collect2: error: ld returned 1 exit status
CMakeFiles/cmTC_33978.dir/build.make:97: recipe for target 'cmTC_33978' failed
make[1]: *** [cmTC_33978] Error 1
make[1]: Leaving directory '/home/ralexander/catkin_ws_trr/build/CMakeFiles/CMakeTmp'
Makefile:126: recipe for target 'cmTC_33978/fast' failed
make: *** [cmTC_33978/fast] Error 2

File /home/ralexander/catkin_ws_trr/build/CMakeFiles/CMakeTmp/CheckSymbolExists.c:
/* */
#include <pthread.h>

int main(int argc, char** argv)
{
  (void)argv;
#ifndef pthread_create
  return ((int*)(&pthread_create))[argc];
#else
  (void)argc;
  return 0;
#endif
}

Determining if the function pthread_create exists in the pthreads failed with the following output:
Change Dir: /home/ralexander/catkin_ws_trr/build/CMakeFiles/CMakeTmp

Run Build Command:"/usr/bin/make" "cmTC_7247f/fast"
/usr/bin/make -f CMakeFiles/cmTC_7247f.dir/build.make CMakeFiles/cmTC_7247f.dir/build
make[1]: Entering directory '/home/ralexander/catkin_ws_trr/build/CMakeFiles/CMakeTmp'
Building C object CMakeFiles/cmTC_7247f.dir/CheckFunctionExists.c.o
/usr/bin/cc    -DCHECK_FUNCTION_EXISTS=pthread_create   -o CMakeFiles/cmTC_7247f.dir/CheckFunctionExists.c.o   -c /usr/share/cmake-3.5/Modules/CheckFunctionExists.c
Linking C executable cmTC_7247f
/usr/bin/cmake -E cmake_link_script CMakeFiles/cmTC_7247f.dir/link.txt --verbose=1
/usr/bin/cc   -DCHECK_FUNCTION_EXISTS=pthread_create    CMakeFiles/cmTC_7247f.dir/CheckFunctionExists.c.o  -o cmTC_7247f -rdynamic -lpthreads 
/usr/bin/ld: cannot find -lpthreads
collect2: error: ld returned 1 exit status
CMakeFiles/cmTC_7247f.dir/build.make:97: recipe for target 'cmTC_7247f' failed
make[1]: *** [cmTC_7247f] Error 1
make[1]: Leaving directory '/home/ralexander/catkin_ws_trr/build/CMakeFiles/CMakeTmp'
Makefile:126: recipe for target 'cmTC_7247f/fast' failed
make: *** [cmTC_7247f/fast] Error 2


